81
55
167
63
195
62
72
47
90
180
1
58
135
157
80
92
144
69
77
91
186
197
20
109
189
181
108
3
126
127
89
43
200
14
117
170
199
84
162
7
194
49
45
13
160
165
190
182
118
153
42
15
145
18
111
156
100
66
159
94
44
65
26
68
19
52
169
36
17
37
139
97
5
185
172
164
24
35
110
125
70
166
61
146
130
64
152
33
107
54
4
96
184
103
11
102
27
151
106
198
67
6
113
131
141
101
53
40
50
191
56
116
192
71
99
21
140
86
82
138
124
133
85
150
154
128
87
168
57
78
31
46
75
173
60
115
25
73
149
163
38
112
122
183
48
137
41
12
129
10
155
114
119
143
134
175
88
8
104
171
121
132
187
105
95
83
193
178
59
123
176
136
34
30
147
188
51
177
98
161
142
174
196
79
22
158
74
148
76
93
120
32
2
23
28
39
9
29
16
179
