200
125
61
49
183
109
79
50
51
29
106
17
2
113
176
198
133
56
83
24
81
75
41
155
5
95
114
20
105
185
28
196
38
156
40
173
11
179
128
161
171
124
86
131
102
87
35
101
80
42
69
121
168
159
72
143
147
158
93
152
74
119
67
154
62
77
192
178
30
170
25
110
140
46
199
122
129
90
130
123
153
100
94
55
22
10
66
149
7
165
15
180
1
85
58
82
73
111
52
141
44
112
8
182
60
18
36
138
166
26
99
117
9
115
151
197
48
136
6
65
190
193
13
96
126
43
57
108
150
63
16
134
53
167
148
45
177
89
132
188
64
97
59
184
169
92
142
175
174
194
107
32
70
157
145
181
118
84
116
4
127
76
162
39
34
186
187
68
163
88
31
14
98
27
104
164
91
19
12
47
23
21
137
37
191
135
3
139
78
71
172
103
160
33
120
54
144
189
146
195
