150
117
143
190
114
119
4
87
49
88
183
118
148
106
170
103
135
126
146
24
91
77
63
95
111
1
55
123
152
7
163
41
27
89
140
180
31
51
84
128
177
173
184
35
171
65
154
98
174
131
22
73
158
13
76
80
19
52
67
8
42
54
181
122
147
59
133
182
64
197
142
94
46
66
165
141
48
74
172
113
56
92
145
53
81
167
187
138
11
30
15
108
115
109
166
90
102
14
20
107
23
121
96
78
157
79
68
144
21
198
120
160
176
3
196
159
58
139
82
93
161
200
86
17
28
26
137
50
44
9
193
179
37
125
72
186
132
195
12
169
33
178
168
175
34
36
191
192
6
39
156
97
61
194
124
75
71
85
110
199
83
129
45
185
2
164
29
16
104
43
38
105
47
99
18
69
136
112
116
134
188
155
189
100
5
153
127
60
32
10
62
101
57
162
40
151
149
130
70
25
